2018-12-03 00:42:46,763 [ERROR] from com.jpro.internal.server.ViewSerializerActor in JavaFX Application Thread - JavaFXStreamer - got Exception: 
java.lang.NullPointerException: Location is required.
	at javafx.fxml.FXMLLoader.loadImpl(FXMLLoader.java:3207)
	at javafx.fxml.FXMLLoader.loadImpl(FXMLLoader.java:3175)
	at javafx.fxml.FXMLLoader.loadImpl(FXMLLoader.java:3148)
	at javafx.fxml.FXMLLoader.loadImpl(FXMLLoader.java:3124)
	at javafx.fxml.FXMLLoader.loadImpl(FXMLLoader.java:3104)
	at javafx.fxml.FXMLLoader.load(FXMLLoader.java:3097)
	at pl.jpranica.multipainterfx.Main.start(Main.java:15)
	at com.jpro.internal.config.ApplicationStarter$.startJApplication(ApplicationStarter.scala:133)
	at com.jpro.internal.config.ApplicationStarter$.$anonfun$startApplication$2(ApplicationStarter.scala:114)
	at simplefx.cores.interfaces.parts.testing.CoreTesting.inFX(CoreTesting.scala:19)
	at simplefx.cores.interfaces.parts.testing.CoreTesting.inFX$(CoreTesting.scala:16)
	at simplefx.cores.standard.Core.inFX(Core.scala:9)
	at com.jpro.internal.config.ApplicationStarter$.startApplication(ApplicationStarter.scala:112)
	at com.jpro.internal.config.ApplicationStarter$.requestApplication(ApplicationStarter.scala:95)
	at com.jpro.internal.config.ApplicationStarter$.getApplication(ApplicationStarter.scala:61)
	at com.jpro.internal.communicator.ViewImpl.<init>(ViewImpl.scala:26)
	at com.jpro.internal.server.ViewByActor.<init>(ViewSerializerActor.scala:81)
	at com.jpro.internal.server.ViewSerializerActor$$anonfun$receive$1$$anonfun$applyOrElse$4.$anonfun$applyOrElse$1(ViewSerializerActor.scala:49)
	at scala.runtime.java8.JFunction0$mcV$sp.apply(JFunction0$mcV$sp.java:12)
	at simplefx.util.Predef$.$anonfun$runInAndBlock$1(Predef.scala:184)
	at scala.runtime.java8.JFunction0$mcV$sp.apply(JFunction0$mcV$sp.java:12)
	at simplefx.cores.standard.parts.CoreTimeEvent.$anonfun$runAsAnimation$1(CoreTimeEvent.scala:59)
	at simplefx.cores.standard.parts.CoreTimeEvent$$anon$2.evaluateTasks$1(CoreTimeEvent.scala:41)
	at simplefx.cores.standard.parts.CoreTimeEvent$$anon$2.handle(CoreTimeEvent.scala:49)
	at javafx.animation.AnimationTimer$AnimationTimerReceiver.lambda$handle$484(AnimationTimer.java:57)
	at java.security.AccessController.doPrivileged(Native Method)
	at javafx.animation.AnimationTimer$AnimationTimerReceiver.handle(AnimationTimer.java:56)
	at com.sun.scenario.animation.AbstractMasterTimer.timePulseImpl(AbstractMasterTimer.java:357)
	at com.sun.scenario.animation.AbstractMasterTimer$MainLoop.run(AbstractMasterTimer.java:267)
	at com.sun.javafx.tk.quantum.QuantumToolkit.pulse(QuantumToolkit.java:506)
	at com.sun.javafx.tk.quantum.QuantumToolkit.pulse(QuantumToolkit.java:490)
	at com.sun.javafx.tk.quantum.QuantumToolkit.lambda$runToolkit$404(QuantumToolkit.java:319)
	at com.sun.glass.ui.monocle.RunnableProcessor.runLoop(RunnableProcessor.java:92)
	at com.sun.glass.ui.monocle.RunnableProcessor.run(RunnableProcessor.java:51)
	at java.lang.Thread.run(Thread.java:748)
2018-12-03 00:43:41,814 [ERROR] from com.jpro.internal.server.ViewSerializerActor in JavaFX Application Thread - JavaFXStreamer - got Exception: 
java.lang.NullPointerException: Location is required.
	at javafx.fxml.FXMLLoader.loadImpl(FXMLLoader.java:3207)
	at javafx.fxml.FXMLLoader.loadImpl(FXMLLoader.java:3175)
	at javafx.fxml.FXMLLoader.loadImpl(FXMLLoader.java:3148)
	at javafx.fxml.FXMLLoader.loadImpl(FXMLLoader.java:3124)
	at javafx.fxml.FXMLLoader.loadImpl(FXMLLoader.java:3104)
	at javafx.fxml.FXMLLoader.load(FXMLLoader.java:3097)
	at pl.jpranica.multipainterfx.Main.start(Main.java:15)
	at com.jpro.internal.config.ApplicationStarter$.startJApplication(ApplicationStarter.scala:133)
	at com.jpro.internal.config.ApplicationStarter$.$anonfun$startApplication$2(ApplicationStarter.scala:114)
	at simplefx.cores.interfaces.parts.testing.CoreTesting.inFX(CoreTesting.scala:19)
	at simplefx.cores.interfaces.parts.testing.CoreTesting.inFX$(CoreTesting.scala:16)
	at simplefx.cores.standard.Core.inFX(Core.scala:9)
	at com.jpro.internal.config.ApplicationStarter$.startApplication(ApplicationStarter.scala:112)
	at com.jpro.internal.config.ApplicationStarter$.requestApplication(ApplicationStarter.scala:95)
	at com.jpro.internal.config.ApplicationStarter$.getApplication(ApplicationStarter.scala:61)
	at com.jpro.internal.communicator.ViewImpl.<init>(ViewImpl.scala:26)
	at com.jpro.internal.server.ViewByActor.<init>(ViewSerializerActor.scala:81)
	at com.jpro.internal.server.ViewSerializerActor$$anonfun$receive$1$$anonfun$applyOrElse$4.$anonfun$applyOrElse$1(ViewSerializerActor.scala:49)
	at scala.runtime.java8.JFunction0$mcV$sp.apply(JFunction0$mcV$sp.java:12)
	at simplefx.util.Predef$.$anonfun$runInAndBlock$1(Predef.scala:184)
	at scala.runtime.java8.JFunction0$mcV$sp.apply(JFunction0$mcV$sp.java:12)
	at simplefx.cores.standard.parts.CoreTimeEvent.$anonfun$runAsAnimation$1(CoreTimeEvent.scala:59)
	at simplefx.cores.standard.parts.CoreTimeEvent$$anon$2.evaluateTasks$1(CoreTimeEvent.scala:41)
	at simplefx.cores.standard.parts.CoreTimeEvent$$anon$2.handle(CoreTimeEvent.scala:49)
	at javafx.animation.AnimationTimer$AnimationTimerReceiver.lambda$handle$484(AnimationTimer.java:57)
	at java.security.AccessController.doPrivileged(Native Method)
	at javafx.animation.AnimationTimer$AnimationTimerReceiver.handle(AnimationTimer.java:56)
	at com.sun.scenario.animation.AbstractMasterTimer.timePulseImpl(AbstractMasterTimer.java:357)
	at com.sun.scenario.animation.AbstractMasterTimer$MainLoop.run(AbstractMasterTimer.java:267)
	at com.sun.javafx.tk.quantum.QuantumToolkit.pulse(QuantumToolkit.java:506)
	at com.sun.javafx.tk.quantum.QuantumToolkit.pulse(QuantumToolkit.java:490)
	at com.sun.javafx.tk.quantum.QuantumToolkit.lambda$runToolkit$404(QuantumToolkit.java:319)
	at com.sun.glass.ui.monocle.RunnableProcessor.runLoop(RunnableProcessor.java:92)
	at com.sun.glass.ui.monocle.RunnableProcessor.run(RunnableProcessor.java:51)
	at java.lang.Thread.run(Thread.java:748)
2018-12-03 00:45:22,430 [ERROR] from com.jpro.internal.server.ViewSerializerActor in JavaFX Application Thread - JavaFXStreamer - got Exception: 
java.lang.NullPointerException: Location is required.
	at javafx.fxml.FXMLLoader.loadImpl(FXMLLoader.java:3207)
	at javafx.fxml.FXMLLoader.loadImpl(FXMLLoader.java:3175)
	at javafx.fxml.FXMLLoader.loadImpl(FXMLLoader.java:3148)
	at javafx.fxml.FXMLLoader.loadImpl(FXMLLoader.java:3124)
	at javafx.fxml.FXMLLoader.loadImpl(FXMLLoader.java:3104)
	at javafx.fxml.FXMLLoader.load(FXMLLoader.java:3097)
	at pl.jpranica.multipainterfx.Main.start(Main.java:15)
	at com.jpro.internal.config.ApplicationStarter$.startJApplication(ApplicationStarter.scala:133)
	at com.jpro.internal.config.ApplicationStarter$.$anonfun$startApplication$2(ApplicationStarter.scala:114)
	at simplefx.cores.interfaces.parts.testing.CoreTesting.inFX(CoreTesting.scala:19)
	at simplefx.cores.interfaces.parts.testing.CoreTesting.inFX$(CoreTesting.scala:16)
	at simplefx.cores.standard.Core.inFX(Core.scala:9)
	at com.jpro.internal.config.ApplicationStarter$.startApplication(ApplicationStarter.scala:112)
	at com.jpro.internal.config.ApplicationStarter$.requestApplication(ApplicationStarter.scala:95)
	at com.jpro.internal.config.ApplicationStarter$.getApplication(ApplicationStarter.scala:61)
	at com.jpro.internal.communicator.ViewImpl.<init>(ViewImpl.scala:26)
	at com.jpro.internal.server.ViewByActor.<init>(ViewSerializerActor.scala:81)
	at com.jpro.internal.server.ViewSerializerActor$$anonfun$receive$1$$anonfun$applyOrElse$4.$anonfun$applyOrElse$1(ViewSerializerActor.scala:49)
	at scala.runtime.java8.JFunction0$mcV$sp.apply(JFunction0$mcV$sp.java:12)
	at simplefx.util.Predef$.$anonfun$runInAndBlock$1(Predef.scala:184)
	at scala.runtime.java8.JFunction0$mcV$sp.apply(JFunction0$mcV$sp.java:12)
	at simplefx.cores.standard.parts.CoreTimeEvent.$anonfun$runAsAnimation$1(CoreTimeEvent.scala:59)
	at simplefx.cores.standard.parts.CoreTimeEvent$$anon$2.evaluateTasks$1(CoreTimeEvent.scala:41)
	at simplefx.cores.standard.parts.CoreTimeEvent$$anon$2.handle(CoreTimeEvent.scala:49)
	at javafx.animation.AnimationTimer$AnimationTimerReceiver.lambda$handle$484(AnimationTimer.java:57)
	at java.security.AccessController.doPrivileged(Native Method)
	at javafx.animation.AnimationTimer$AnimationTimerReceiver.handle(AnimationTimer.java:56)
	at com.sun.scenario.animation.AbstractMasterTimer.timePulseImpl(AbstractMasterTimer.java:357)
	at com.sun.scenario.animation.AbstractMasterTimer$MainLoop.run(AbstractMasterTimer.java:267)
	at com.sun.javafx.tk.quantum.QuantumToolkit.pulse(QuantumToolkit.java:506)
	at com.sun.javafx.tk.quantum.QuantumToolkit.pulse(QuantumToolkit.java:490)
	at com.sun.javafx.tk.quantum.QuantumToolkit.lambda$runToolkit$404(QuantumToolkit.java:319)
	at com.sun.glass.ui.monocle.RunnableProcessor.runLoop(RunnableProcessor.java:92)
	at com.sun.glass.ui.monocle.RunnableProcessor.run(RunnableProcessor.java:51)
	at java.lang.Thread.run(Thread.java:748)
2018-12-03 00:45:55,417 [ERROR] from com.jpro.internal.server.ViewSerializerActor in JavaFX Application Thread - JavaFXStreamer - got Exception: 
java.lang.NullPointerException: Location is required.
	at javafx.fxml.FXMLLoader.loadImpl(FXMLLoader.java:3207)
	at javafx.fxml.FXMLLoader.loadImpl(FXMLLoader.java:3175)
	at javafx.fxml.FXMLLoader.loadImpl(FXMLLoader.java:3148)
	at javafx.fxml.FXMLLoader.loadImpl(FXMLLoader.java:3124)
	at javafx.fxml.FXMLLoader.loadImpl(FXMLLoader.java:3104)
	at javafx.fxml.FXMLLoader.load(FXMLLoader.java:3097)
	at pl.jpranica.multipainterfx.Main.start(Main.java:15)
	at com.jpro.internal.config.ApplicationStarter$.startJApplication(ApplicationStarter.scala:133)
	at com.jpro.internal.config.ApplicationStarter$.$anonfun$startApplication$2(ApplicationStarter.scala:114)
	at simplefx.cores.interfaces.parts.testing.CoreTesting.inFX(CoreTesting.scala:19)
	at simplefx.cores.interfaces.parts.testing.CoreTesting.inFX$(CoreTesting.scala:16)
	at simplefx.cores.standard.Core.inFX(Core.scala:9)
	at com.jpro.internal.config.ApplicationStarter$.startApplication(ApplicationStarter.scala:112)
	at com.jpro.internal.config.ApplicationStarter$.requestApplication(ApplicationStarter.scala:95)
	at com.jpro.internal.config.ApplicationStarter$.getApplication(ApplicationStarter.scala:61)
	at com.jpro.internal.communicator.ViewImpl.<init>(ViewImpl.scala:26)
	at com.jpro.internal.server.ViewByActor.<init>(ViewSerializerActor.scala:81)
	at com.jpro.internal.server.ViewSerializerActor$$anonfun$receive$1$$anonfun$applyOrElse$4.$anonfun$applyOrElse$1(ViewSerializerActor.scala:49)
	at scala.runtime.java8.JFunction0$mcV$sp.apply(JFunction0$mcV$sp.java:12)
	at simplefx.util.Predef$.$anonfun$runInAndBlock$1(Predef.scala:184)
	at scala.runtime.java8.JFunction0$mcV$sp.apply(JFunction0$mcV$sp.java:12)
	at simplefx.cores.standard.parts.CoreTimeEvent.$anonfun$runAsAnimation$1(CoreTimeEvent.scala:59)
	at simplefx.cores.standard.parts.CoreTimeEvent$$anon$2.evaluateTasks$1(CoreTimeEvent.scala:41)
	at simplefx.cores.standard.parts.CoreTimeEvent$$anon$2.handle(CoreTimeEvent.scala:49)
	at javafx.animation.AnimationTimer$AnimationTimerReceiver.lambda$handle$484(AnimationTimer.java:57)
	at java.security.AccessController.doPrivileged(Native Method)
	at javafx.animation.AnimationTimer$AnimationTimerReceiver.handle(AnimationTimer.java:56)
	at com.sun.scenario.animation.AbstractMasterTimer.timePulseImpl(AbstractMasterTimer.java:357)
	at com.sun.scenario.animation.AbstractMasterTimer$MainLoop.run(AbstractMasterTimer.java:267)
	at com.sun.javafx.tk.quantum.QuantumToolkit.pulse(QuantumToolkit.java:506)
	at com.sun.javafx.tk.quantum.QuantumToolkit.pulse(QuantumToolkit.java:490)
	at com.sun.javafx.tk.quantum.QuantumToolkit.lambda$runToolkit$404(QuantumToolkit.java:319)
	at com.sun.glass.ui.monocle.RunnableProcessor.runLoop(RunnableProcessor.java:92)
	at com.sun.glass.ui.monocle.RunnableProcessor.run(RunnableProcessor.java:51)
	at java.lang.Thread.run(Thread.java:748)
2018-12-03 00:45:57,038 [ERROR] from com.jpro.internal.server.ViewSerializerActor in JavaFX Application Thread - JavaFXStreamer - got Exception: 
java.lang.NullPointerException: Location is required.
	at javafx.fxml.FXMLLoader.loadImpl(FXMLLoader.java:3207)
	at javafx.fxml.FXMLLoader.loadImpl(FXMLLoader.java:3175)
	at javafx.fxml.FXMLLoader.loadImpl(FXMLLoader.java:3148)
	at javafx.fxml.FXMLLoader.loadImpl(FXMLLoader.java:3124)
	at javafx.fxml.FXMLLoader.loadImpl(FXMLLoader.java:3104)
	at javafx.fxml.FXMLLoader.load(FXMLLoader.java:3097)
	at pl.jpranica.multipainterfx.Main.start(Main.java:15)
	at com.jpro.internal.config.ApplicationStarter$.startJApplication(ApplicationStarter.scala:133)
	at com.jpro.internal.config.ApplicationStarter$.$anonfun$startApplication$2(ApplicationStarter.scala:114)
	at simplefx.cores.interfaces.parts.testing.CoreTesting.inFX(CoreTesting.scala:19)
	at simplefx.cores.interfaces.parts.testing.CoreTesting.inFX$(CoreTesting.scala:16)
	at simplefx.cores.standard.Core.inFX(Core.scala:9)
	at com.jpro.internal.config.ApplicationStarter$.startApplication(ApplicationStarter.scala:112)
	at com.jpro.internal.config.ApplicationStarter$.requestApplication(ApplicationStarter.scala:95)
	at com.jpro.internal.config.ApplicationStarter$.getApplication(ApplicationStarter.scala:61)
	at com.jpro.internal.communicator.ViewImpl.<init>(ViewImpl.scala:26)
	at com.jpro.internal.server.ViewByActor.<init>(ViewSerializerActor.scala:81)
	at com.jpro.internal.server.ViewSerializerActor$$anonfun$receive$1$$anonfun$applyOrElse$4.$anonfun$applyOrElse$1(ViewSerializerActor.scala:49)
	at scala.runtime.java8.JFunction0$mcV$sp.apply(JFunction0$mcV$sp.java:12)
	at simplefx.util.Predef$.$anonfun$runInAndBlock$1(Predef.scala:184)
	at scala.runtime.java8.JFunction0$mcV$sp.apply(JFunction0$mcV$sp.java:12)
	at simplefx.cores.standard.parts.CoreTimeEvent.$anonfun$runAsAnimation$1(CoreTimeEvent.scala:59)
	at simplefx.cores.standard.parts.CoreTimeEvent$$anon$2.evaluateTasks$1(CoreTimeEvent.scala:41)
	at simplefx.cores.standard.parts.CoreTimeEvent$$anon$2.handle(CoreTimeEvent.scala:49)
	at javafx.animation.AnimationTimer$AnimationTimerReceiver.lambda$handle$484(AnimationTimer.java:57)
	at java.security.AccessController.doPrivileged(Native Method)
	at javafx.animation.AnimationTimer$AnimationTimerReceiver.handle(AnimationTimer.java:56)
	at com.sun.scenario.animation.AbstractMasterTimer.timePulseImpl(AbstractMasterTimer.java:357)
	at com.sun.scenario.animation.AbstractMasterTimer$MainLoop.run(AbstractMasterTimer.java:267)
	at com.sun.javafx.tk.quantum.QuantumToolkit.pulse(QuantumToolkit.java:506)
	at com.sun.javafx.tk.quantum.QuantumToolkit.pulse(QuantumToolkit.java:490)
	at com.sun.javafx.tk.quantum.QuantumToolkit.lambda$runToolkit$404(QuantumToolkit.java:319)
	at com.sun.glass.ui.monocle.RunnableProcessor.runLoop(RunnableProcessor.java:92)
	at com.sun.glass.ui.monocle.RunnableProcessor.run(RunnableProcessor.java:51)
	at java.lang.Thread.run(Thread.java:748)
2018-12-03 00:45:58,560 [ERROR] from com.jpro.internal.server.ViewSerializerActor in JavaFX Application Thread - JavaFXStreamer - got Exception: 
java.lang.NullPointerException: Location is required.
	at javafx.fxml.FXMLLoader.loadImpl(FXMLLoader.java:3207)
	at javafx.fxml.FXMLLoader.loadImpl(FXMLLoader.java:3175)
	at javafx.fxml.FXMLLoader.loadImpl(FXMLLoader.java:3148)
	at javafx.fxml.FXMLLoader.loadImpl(FXMLLoader.java:3124)
	at javafx.fxml.FXMLLoader.loadImpl(FXMLLoader.java:3104)
	at javafx.fxml.FXMLLoader.load(FXMLLoader.java:3097)
	at pl.jpranica.multipainterfx.Main.start(Main.java:15)
	at com.jpro.internal.config.ApplicationStarter$.startJApplication(ApplicationStarter.scala:133)
	at com.jpro.internal.config.ApplicationStarter$.$anonfun$startApplication$2(ApplicationStarter.scala:114)
	at simplefx.cores.interfaces.parts.testing.CoreTesting.inFX(CoreTesting.scala:19)
	at simplefx.cores.interfaces.parts.testing.CoreTesting.inFX$(CoreTesting.scala:16)
	at simplefx.cores.standard.Core.inFX(Core.scala:9)
	at com.jpro.internal.config.ApplicationStarter$.startApplication(ApplicationStarter.scala:112)
	at com.jpro.internal.config.ApplicationStarter$.requestApplication(ApplicationStarter.scala:95)
	at com.jpro.internal.config.ApplicationStarter$.getApplication(ApplicationStarter.scala:61)
	at com.jpro.internal.communicator.ViewImpl.<init>(ViewImpl.scala:26)
	at com.jpro.internal.server.ViewByActor.<init>(ViewSerializerActor.scala:81)
	at com.jpro.internal.server.ViewSerializerActor$$anonfun$receive$1$$anonfun$applyOrElse$4.$anonfun$applyOrElse$1(ViewSerializerActor.scala:49)
	at scala.runtime.java8.JFunction0$mcV$sp.apply(JFunction0$mcV$sp.java:12)
	at simplefx.util.Predef$.$anonfun$runInAndBlock$1(Predef.scala:184)
	at scala.runtime.java8.JFunction0$mcV$sp.apply(JFunction0$mcV$sp.java:12)
	at simplefx.cores.standard.parts.CoreTimeEvent.$anonfun$runAsAnimation$1(CoreTimeEvent.scala:59)
	at simplefx.cores.standard.parts.CoreTimeEvent$$anon$2.evaluateTasks$1(CoreTimeEvent.scala:41)
	at simplefx.cores.standard.parts.CoreTimeEvent$$anon$2.handle(CoreTimeEvent.scala:49)
	at javafx.animation.AnimationTimer$AnimationTimerReceiver.lambda$handle$484(AnimationTimer.java:57)
	at java.security.AccessController.doPrivileged(Native Method)
	at javafx.animation.AnimationTimer$AnimationTimerReceiver.handle(AnimationTimer.java:56)
	at com.sun.scenario.animation.AbstractMasterTimer.timePulseImpl(AbstractMasterTimer.java:357)
	at com.sun.scenario.animation.AbstractMasterTimer$MainLoop.run(AbstractMasterTimer.java:267)
	at com.sun.javafx.tk.quantum.QuantumToolkit.pulse(QuantumToolkit.java:506)
	at com.sun.javafx.tk.quantum.QuantumToolkit.pulse(QuantumToolkit.java:490)
	at com.sun.javafx.tk.quantum.QuantumToolkit.lambda$runToolkit$404(QuantumToolkit.java:319)
	at com.sun.glass.ui.monocle.RunnableProcessor.runLoop(RunnableProcessor.java:92)
	at com.sun.glass.ui.monocle.RunnableProcessor.run(RunnableProcessor.java:51)
	at java.lang.Thread.run(Thread.java:748)
2018-12-03 00:46:00,120 [ERROR] from com.jpro.internal.server.ViewSerializerActor in JavaFX Application Thread - JavaFXStreamer - got Exception: 
java.lang.NullPointerException: Location is required.
	at javafx.fxml.FXMLLoader.loadImpl(FXMLLoader.java:3207)
	at javafx.fxml.FXMLLoader.loadImpl(FXMLLoader.java:3175)
	at javafx.fxml.FXMLLoader.loadImpl(FXMLLoader.java:3148)
	at javafx.fxml.FXMLLoader.loadImpl(FXMLLoader.java:3124)
	at javafx.fxml.FXMLLoader.loadImpl(FXMLLoader.java:3104)
	at javafx.fxml.FXMLLoader.load(FXMLLoader.java:3097)
	at pl.jpranica.multipainterfx.Main.start(Main.java:15)
	at com.jpro.internal.config.ApplicationStarter$.startJApplication(ApplicationStarter.scala:133)
	at com.jpro.internal.config.ApplicationStarter$.$anonfun$startApplication$2(ApplicationStarter.scala:114)
	at simplefx.cores.interfaces.parts.testing.CoreTesting.inFX(CoreTesting.scala:19)
	at simplefx.cores.interfaces.parts.testing.CoreTesting.inFX$(CoreTesting.scala:16)
	at simplefx.cores.standard.Core.inFX(Core.scala:9)
	at com.jpro.internal.config.ApplicationStarter$.startApplication(ApplicationStarter.scala:112)
	at com.jpro.internal.config.ApplicationStarter$.requestApplication(ApplicationStarter.scala:95)
	at com.jpro.internal.config.ApplicationStarter$.getApplication(ApplicationStarter.scala:61)
	at com.jpro.internal.communicator.ViewImpl.<init>(ViewImpl.scala:26)
	at com.jpro.internal.server.ViewByActor.<init>(ViewSerializerActor.scala:81)
	at com.jpro.internal.server.ViewSerializerActor$$anonfun$receive$1$$anonfun$applyOrElse$4.$anonfun$applyOrElse$1(ViewSerializerActor.scala:49)
	at scala.runtime.java8.JFunction0$mcV$sp.apply(JFunction0$mcV$sp.java:12)
	at simplefx.util.Predef$.$anonfun$runInAndBlock$1(Predef.scala:184)
	at scala.runtime.java8.JFunction0$mcV$sp.apply(JFunction0$mcV$sp.java:12)
	at simplefx.cores.standard.parts.CoreTimeEvent.$anonfun$runAsAnimation$1(CoreTimeEvent.scala:59)
	at simplefx.cores.standard.parts.CoreTimeEvent$$anon$2.evaluateTasks$1(CoreTimeEvent.scala:41)
	at simplefx.cores.standard.parts.CoreTimeEvent$$anon$2.handle(CoreTimeEvent.scala:49)
	at javafx.animation.AnimationTimer$AnimationTimerReceiver.lambda$handle$484(AnimationTimer.java:57)
	at java.security.AccessController.doPrivileged(Native Method)
	at javafx.animation.AnimationTimer$AnimationTimerReceiver.handle(AnimationTimer.java:56)
	at com.sun.scenario.animation.AbstractMasterTimer.timePulseImpl(AbstractMasterTimer.java:357)
	at com.sun.scenario.animation.AbstractMasterTimer$MainLoop.run(AbstractMasterTimer.java:267)
	at com.sun.javafx.tk.quantum.QuantumToolkit.pulse(QuantumToolkit.java:506)
	at com.sun.javafx.tk.quantum.QuantumToolkit.pulse(QuantumToolkit.java:490)
	at com.sun.javafx.tk.quantum.QuantumToolkit.lambda$runToolkit$404(QuantumToolkit.java:319)
	at com.sun.glass.ui.monocle.RunnableProcessor.runLoop(RunnableProcessor.java:92)
	at com.sun.glass.ui.monocle.RunnableProcessor.run(RunnableProcessor.java:51)
	at java.lang.Thread.run(Thread.java:748)
2018-12-03 00:46:00,557 [ERROR] from com.jpro.internal.server.ViewSerializerActor in JavaFX Application Thread - JavaFXStreamer - got Exception: 
java.lang.NullPointerException: Location is required.
	at javafx.fxml.FXMLLoader.loadImpl(FXMLLoader.java:3207)
	at javafx.fxml.FXMLLoader.loadImpl(FXMLLoader.java:3175)
	at javafx.fxml.FXMLLoader.loadImpl(FXMLLoader.java:3148)
	at javafx.fxml.FXMLLoader.loadImpl(FXMLLoader.java:3124)
	at javafx.fxml.FXMLLoader.loadImpl(FXMLLoader.java:3104)
	at javafx.fxml.FXMLLoader.load(FXMLLoader.java:3097)
	at pl.jpranica.multipainterfx.Main.start(Main.java:15)
	at com.jpro.internal.config.ApplicationStarter$.startJApplication(ApplicationStarter.scala:133)
	at com.jpro.internal.config.ApplicationStarter$.$anonfun$startApplication$2(ApplicationStarter.scala:114)
	at simplefx.cores.interfaces.parts.testing.CoreTesting.inFX(CoreTesting.scala:19)
	at simplefx.cores.interfaces.parts.testing.CoreTesting.inFX$(CoreTesting.scala:16)
	at simplefx.cores.standard.Core.inFX(Core.scala:9)
	at com.jpro.internal.config.ApplicationStarter$.startApplication(ApplicationStarter.scala:112)
	at com.jpro.internal.config.ApplicationStarter$.requestApplication(ApplicationStarter.scala:95)
	at com.jpro.internal.config.ApplicationStarter$.getApplication(ApplicationStarter.scala:61)
	at com.jpro.internal.communicator.ViewImpl.<init>(ViewImpl.scala:26)
	at com.jpro.internal.server.ViewByActor.<init>(ViewSerializerActor.scala:81)
	at com.jpro.internal.server.ViewSerializerActor$$anonfun$receive$1$$anonfun$applyOrElse$4.$anonfun$applyOrElse$1(ViewSerializerActor.scala:49)
	at scala.runtime.java8.JFunction0$mcV$sp.apply(JFunction0$mcV$sp.java:12)
	at simplefx.util.Predef$.$anonfun$runInAndBlock$1(Predef.scala:184)
	at scala.runtime.java8.JFunction0$mcV$sp.apply(JFunction0$mcV$sp.java:12)
	at simplefx.cores.standard.parts.CoreTimeEvent.$anonfun$runAsAnimation$1(CoreTimeEvent.scala:59)
	at simplefx.cores.standard.parts.CoreTimeEvent$$anon$2.evaluateTasks$1(CoreTimeEvent.scala:41)
	at simplefx.cores.standard.parts.CoreTimeEvent$$anon$2.handle(CoreTimeEvent.scala:49)
	at javafx.animation.AnimationTimer$AnimationTimerReceiver.lambda$handle$484(AnimationTimer.java:57)
	at java.security.AccessController.doPrivileged(Native Method)
	at javafx.animation.AnimationTimer$AnimationTimerReceiver.handle(AnimationTimer.java:56)
	at com.sun.scenario.animation.AbstractMasterTimer.timePulseImpl(AbstractMasterTimer.java:357)
	at com.sun.scenario.animation.AbstractMasterTimer$MainLoop.run(AbstractMasterTimer.java:267)
	at com.sun.javafx.tk.quantum.QuantumToolkit.pulse(QuantumToolkit.java:506)
	at com.sun.javafx.tk.quantum.QuantumToolkit.pulse(QuantumToolkit.java:490)
	at com.sun.javafx.tk.quantum.QuantumToolkit.lambda$runToolkit$404(QuantumToolkit.java:319)
	at com.sun.glass.ui.monocle.RunnableProcessor.runLoop(RunnableProcessor.java:92)
	at com.sun.glass.ui.monocle.RunnableProcessor.run(RunnableProcessor.java:51)
	at java.lang.Thread.run(Thread.java:748)
2018-12-03 01:16:28,720 [ERROR] from com.jpro.internal.server.ViewSerializerActor in JavaFX Application Thread - JavaFXStreamer - got Exception: 
java.lang.NullPointerException: Location is required.
	at javafx.fxml.FXMLLoader.loadImpl(FXMLLoader.java:3207)
	at javafx.fxml.FXMLLoader.loadImpl(FXMLLoader.java:3175)
	at javafx.fxml.FXMLLoader.loadImpl(FXMLLoader.java:3148)
	at javafx.fxml.FXMLLoader.loadImpl(FXMLLoader.java:3124)
	at javafx.fxml.FXMLLoader.loadImpl(FXMLLoader.java:3104)
	at javafx.fxml.FXMLLoader.load(FXMLLoader.java:3097)
	at pl.jpranica.multipainterfx.Main.start(Main.java:15)
	at com.jpro.internal.config.ApplicationStarter$.startJApplication(ApplicationStarter.scala:133)
	at com.jpro.internal.config.ApplicationStarter$.$anonfun$startApplication$2(ApplicationStarter.scala:114)
	at simplefx.cores.interfaces.parts.testing.CoreTesting.inFX(CoreTesting.scala:19)
	at simplefx.cores.interfaces.parts.testing.CoreTesting.inFX$(CoreTesting.scala:16)
	at simplefx.cores.standard.Core.inFX(Core.scala:9)
	at com.jpro.internal.config.ApplicationStarter$.startApplication(ApplicationStarter.scala:112)
	at com.jpro.internal.config.ApplicationStarter$.requestApplication(ApplicationStarter.scala:95)
	at com.jpro.internal.config.ApplicationStarter$.getApplication(ApplicationStarter.scala:61)
	at com.jpro.internal.communicator.ViewImpl.<init>(ViewImpl.scala:26)
	at com.jpro.internal.server.ViewByActor.<init>(ViewSerializerActor.scala:81)
	at com.jpro.internal.server.ViewSerializerActor$$anonfun$receive$1$$anonfun$applyOrElse$4.$anonfun$applyOrElse$1(ViewSerializerActor.scala:49)
	at scala.runtime.java8.JFunction0$mcV$sp.apply(JFunction0$mcV$sp.java:12)
	at simplefx.util.Predef$.$anonfun$runInAndBlock$1(Predef.scala:184)
	at scala.runtime.java8.JFunction0$mcV$sp.apply(JFunction0$mcV$sp.java:12)
	at simplefx.cores.standard.parts.CoreTimeEvent.$anonfun$runAsAnimation$1(CoreTimeEvent.scala:59)
	at simplefx.cores.standard.parts.CoreTimeEvent$$anon$2.evaluateTasks$1(CoreTimeEvent.scala:41)
	at simplefx.cores.standard.parts.CoreTimeEvent$$anon$2.handle(CoreTimeEvent.scala:49)
	at javafx.animation.AnimationTimer$AnimationTimerReceiver.lambda$handle$484(AnimationTimer.java:57)
	at java.security.AccessController.doPrivileged(Native Method)
	at javafx.animation.AnimationTimer$AnimationTimerReceiver.handle(AnimationTimer.java:56)
	at com.sun.scenario.animation.AbstractMasterTimer.timePulseImpl(AbstractMasterTimer.java:357)
	at com.sun.scenario.animation.AbstractMasterTimer$MainLoop.run(AbstractMasterTimer.java:267)
	at com.sun.javafx.tk.quantum.QuantumToolkit.pulse(QuantumToolkit.java:506)
	at com.sun.javafx.tk.quantum.QuantumToolkit.pulse(QuantumToolkit.java:490)
	at com.sun.javafx.tk.quantum.QuantumToolkit.lambda$runToolkit$404(QuantumToolkit.java:319)
	at com.sun.glass.ui.monocle.RunnableProcessor.runLoop(RunnableProcessor.java:92)
	at com.sun.glass.ui.monocle.RunnableProcessor.run(RunnableProcessor.java:51)
	at java.lang.Thread.run(Thread.java:748)
2018-12-03 01:43:04,339 [ERROR] from com.jpro.meta.stream.FXSerializerImpl in JavaFX Application Thread - couldn't wrap node ... class: javafx.scene.canvas.Canvas ... javafx.scene.Node
2018-12-03 01:43:04,487 [WARN] from com.jpro.JS in JavaFX Application Thread - received msg: unimplemented node type: UnknownPart(NodePart(OwnExtension(id: 958,id: 959,id: 960,id: 961,None,id: 962,id: 963),id: 964,id: 965,id: 966,id: 967,id: 968,id: 969,id: 970,id: 971,id: 972,id: 973,id: 974,id: 975,id: 976,id: 977),class: javafx.scene.canvas.Canvas ... javafx.scene.Node)(token: UnknownPart(NodePart(OwnExtension(id: 958,id: 959,id: 960,id: 961,None,id: 962,id: 963),id: 964,id: 965,id: 966,id: 967,id: 968,id: 969,id: 970,id: 971,id: 972,id: 973,id: 974,id: 975,id: 976,id: 977),class: javafx.scene.canvas.Canvas ... javafx.scene.Node))
2018-12-03 01:44:04,691 [ERROR] from com.jpro.meta.stream.FXSerializerImpl in JavaFX Application Thread - couldn't wrap node ... class: javafx.scene.canvas.Canvas ... javafx.scene.Node
2018-12-03 01:44:04,822 [WARN] from com.jpro.JS in JavaFX Application Thread - received msg: unimplemented node type: UnknownPart(NodePart(OwnExtension(id: 958,id: 959,id: 960,id: 961,None,id: 962,id: 963),id: 964,id: 965,id: 966,id: 967,id: 968,id: 969,id: 970,id: 971,id: 972,id: 973,id: 974,id: 975,id: 976,id: 977),class: javafx.scene.canvas.Canvas ... javafx.scene.Node)(token: UnknownPart(NodePart(OwnExtension(id: 958,id: 959,id: 960,id: 961,None,id: 962,id: 963),id: 964,id: 965,id: 966,id: 967,id: 968,id: 969,id: 970,id: 971,id: 972,id: 973,id: 974,id: 975,id: 976,id: 977),class: javafx.scene.canvas.Canvas ... javafx.scene.Node))
2018-12-03 01:45:22,033 [ERROR] from com.jpro.meta.stream.FXSerializerImpl in JavaFX Application Thread - couldn't wrap node ... class: javafx.scene.canvas.Canvas ... javafx.scene.Node
2018-12-03 01:45:22,153 [WARN] from com.jpro.JS in JavaFX Application Thread - received msg: unimplemented node type: UnknownPart(NodePart(OwnExtension(id: 958,id: 959,id: 960,id: 961,None,id: 962,id: 963),id: 964,id: 965,id: 966,id: 967,id: 968,id: 969,id: 970,id: 971,id: 972,id: 973,id: 974,id: 975,id: 976,id: 977),class: javafx.scene.canvas.Canvas ... javafx.scene.Node)(token: UnknownPart(NodePart(OwnExtension(id: 958,id: 959,id: 960,id: 961,None,id: 962,id: 963),id: 964,id: 965,id: 966,id: 967,id: 968,id: 969,id: 970,id: 971,id: 972,id: 973,id: 974,id: 975,id: 976,id: 977),class: javafx.scene.canvas.Canvas ... javafx.scene.Node))
2018-12-03 01:49:45,625 [ERROR] from com.jpro.meta.stream.FXSerializerImpl in JavaFX Application Thread - couldn't wrap node ... class: javafx.scene.canvas.Canvas ... javafx.scene.Node
2018-12-03 01:49:45,786 [WARN] from com.jpro.JS in JavaFX Application Thread - received msg: unimplemented node type: UnknownPart(NodePart(OwnExtension(id: 958,id: 959,id: 960,id: 961,None,id: 962,id: 963),id: 964,id: 965,id: 966,id: 967,id: 968,id: 969,id: 970,id: 971,id: 972,id: 973,id: 974,id: 975,id: 976,id: 977),class: javafx.scene.canvas.Canvas ... javafx.scene.Node)(token: UnknownPart(NodePart(OwnExtension(id: 958,id: 959,id: 960,id: 961,None,id: 962,id: 963),id: 964,id: 965,id: 966,id: 967,id: 968,id: 969,id: 970,id: 971,id: 972,id: 973,id: 974,id: 975,id: 976,id: 977),class: javafx.scene.canvas.Canvas ... javafx.scene.Node))
2018-12-03 02:24:06,593 [ERROR] from com.jpro.meta.stream.FXSerializerImpl in JavaFX Application Thread - couldn't wrap node ... class: javafx.scene.canvas.Canvas ... javafx.scene.Node
2018-12-03 02:24:06,749 [WARN] from com.jpro.JS in JavaFX Application Thread - received msg: unimplemented node type: UnknownPart(NodePart(OwnExtension(id: 958,id: 959,id: 960,id: 961,None,id: 962,id: 963),id: 964,id: 965,id: 966,id: 967,id: 968,id: 969,id: 970,id: 971,id: 972,id: 973,id: 974,id: 975,id: 976,id: 977),class: javafx.scene.canvas.Canvas ... javafx.scene.Node)(token: UnknownPart(NodePart(OwnExtension(id: 958,id: 959,id: 960,id: 961,None,id: 962,id: 963),id: 964,id: 965,id: 966,id: 967,id: 968,id: 969,id: 970,id: 971,id: 972,id: 973,id: 974,id: 975,id: 976,id: 977),class: javafx.scene.canvas.Canvas ... javafx.scene.Node))
2018-12-03 02:24:08,169 [ERROR] from com.jpro.meta.stream.FXSerializerImpl in JavaFX Application Thread - couldn't wrap node ... class: javafx.scene.canvas.Canvas ... javafx.scene.Node
2018-12-03 02:24:08,302 [WARN] from com.jpro.JS in JavaFX Application Thread - received msg: unimplemented node type: UnknownPart(NodePart(OwnExtension(id: 958,id: 959,id: 960,id: 961,None,id: 962,id: 963),id: 964,id: 965,id: 966,id: 967,id: 968,id: 969,id: 970,id: 971,id: 972,id: 973,id: 974,id: 975,id: 976,id: 977),class: javafx.scene.canvas.Canvas ... javafx.scene.Node)(token: UnknownPart(NodePart(OwnExtension(id: 958,id: 959,id: 960,id: 961,None,id: 962,id: 963),id: 964,id: 965,id: 966,id: 967,id: 968,id: 969,id: 970,id: 971,id: 972,id: 973,id: 974,id: 975,id: 976,id: 977),class: javafx.scene.canvas.Canvas ... javafx.scene.Node))
2018-12-03 02:24:17,347 [WARN] from controllers.jpro in application-akka.actor.default-dispatcher-5 - jpro.plainFile - Couldn't get resource for: 'jpro/html/test'
2018-12-03 02:24:17,401 [WARN] from controllers.jpro in application-akka.actor.default-dispatcher-8 - jpro.plainFile - Couldn't get resource for: 'jpro/html/favicon.ico'
2018-12-03 02:24:18,710 [WARN] from controllers.jpro in application-akka.actor.default-dispatcher-2 - jpro.plainFile - Couldn't get resource for: 'jpro/html/test'
2018-12-03 02:24:19,874 [ERROR] from com.jpro.meta.stream.FXSerializerImpl in JavaFX Application Thread - couldn't wrap node ... class: javafx.scene.canvas.Canvas ... javafx.scene.Node
2018-12-03 02:24:20,010 [WARN] from com.jpro.JS in JavaFX Application Thread - received msg: unimplemented node type: UnknownPart(NodePart(OwnExtension(id: 958,id: 959,id: 960,id: 961,None,id: 962,id: 963),id: 964,id: 965,id: 966,id: 967,id: 968,id: 969,id: 970,id: 971,id: 972,id: 973,id: 974,id: 975,id: 976,id: 977),class: javafx.scene.canvas.Canvas ... javafx.scene.Node)(token: UnknownPart(NodePart(OwnExtension(id: 958,id: 959,id: 960,id: 961,None,id: 962,id: 963),id: 964,id: 965,id: 966,id: 967,id: 968,id: 969,id: 970,id: 971,id: 972,id: 973,id: 974,id: 975,id: 976,id: 977),class: javafx.scene.canvas.Canvas ... javafx.scene.Node))
2018-12-03 02:24:21,744 [ERROR] from com.jpro.meta.stream.FXSerializerImpl in JavaFX Application Thread - couldn't wrap node ... class: javafx.scene.canvas.Canvas ... javafx.scene.Node
2018-12-03 02:24:21,878 [WARN] from com.jpro.JS in JavaFX Application Thread - received msg: unimplemented node type: UnknownPart(NodePart(OwnExtension(id: 958,id: 959,id: 960,id: 961,None,id: 962,id: 963),id: 964,id: 965,id: 966,id: 967,id: 968,id: 969,id: 970,id: 971,id: 972,id: 973,id: 974,id: 975,id: 976,id: 977),class: javafx.scene.canvas.Canvas ... javafx.scene.Node)(token: UnknownPart(NodePart(OwnExtension(id: 958,id: 959,id: 960,id: 961,None,id: 962,id: 963),id: 964,id: 965,id: 966,id: 967,id: 968,id: 969,id: 970,id: 971,id: 972,id: 973,id: 974,id: 975,id: 976,id: 977),class: javafx.scene.canvas.Canvas ... javafx.scene.Node))
2018-12-06 19:23:06,430 [ERROR] from com.jpro.meta.stream.FXSerializerImpl in JavaFX Application Thread - couldn't wrap node ... class: javafx.scene.canvas.Canvas ... javafx.scene.Node
2018-12-06 19:23:06,698 [WARN] from com.jpro.JS in JavaFX Application Thread - received msg: unimplemented node type: UnknownPart(NodePart(OwnExtension(id: 958,id: 959,id: 960,id: 961,None,id: 962,id: 963),id: 964,id: 965,id: 966,id: 967,id: 968,id: 969,id: 970,id: 971,id: 972,id: 973,id: 974,id: 975,id: 976,id: 977),class: javafx.scene.canvas.Canvas ... javafx.scene.Node)(token: UnknownPart(NodePart(OwnExtension(id: 958,id: 959,id: 960,id: 961,None,id: 962,id: 963),id: 964,id: 965,id: 966,id: 967,id: 968,id: 969,id: 970,id: 971,id: 972,id: 973,id: 974,id: 975,id: 976,id: 977),class: javafx.scene.canvas.Canvas ... javafx.scene.Node))
