2018-12-03 00:42:46,763 [ERROR] from com.jpro.internal.server.ViewSerializerActor in JavaFX Application Thread - JavaFXStreamer - got Exception: 
java.lang.NullPointerException: Location is required.
	at javafx.fxml.FXMLLoader.loadImpl(FXMLLoader.java:3207)
	at javafx.fxml.FXMLLoader.loadImpl(FXMLLoader.java:3175)
	at javafx.fxml.FXMLLoader.loadImpl(FXMLLoader.java:3148)
	at javafx.fxml.FXMLLoader.loadImpl(FXMLLoader.java:3124)
	at javafx.fxml.FXMLLoader.loadImpl(FXMLLoader.java:3104)
	at javafx.fxml.FXMLLoader.load(FXMLLoader.java:3097)
	at pl.jpranica.multipainterfx.Main.start(Main.java:15)
	at com.jpro.internal.config.ApplicationStarter$.startJApplication(ApplicationStarter.scala:133)
	at com.jpro.internal.config.ApplicationStarter$.$anonfun$startApplication$2(ApplicationStarter.scala:114)
	at simplefx.cores.interfaces.parts.testing.CoreTesting.inFX(CoreTesting.scala:19)
	at simplefx.cores.interfaces.parts.testing.CoreTesting.inFX$(CoreTesting.scala:16)
	at simplefx.cores.standard.Core.inFX(Core.scala:9)
	at com.jpro.internal.config.ApplicationStarter$.startApplication(ApplicationStarter.scala:112)
	at com.jpro.internal.config.ApplicationStarter$.requestApplication(ApplicationStarter.scala:95)
	at com.jpro.internal.config.ApplicationStarter$.getApplication(ApplicationStarter.scala:61)
	at com.jpro.internal.communicator.ViewImpl.<init>(ViewImpl.scala:26)
	at com.jpro.internal.server.ViewByActor.<init>(ViewSerializerActor.scala:81)
	at com.jpro.internal.server.ViewSerializerActor$$anonfun$receive$1$$anonfun$applyOrElse$4.$anonfun$applyOrElse$1(ViewSerializerActor.scala:49)
	at scala.runtime.java8.JFunction0$mcV$sp.apply(JFunction0$mcV$sp.java:12)
	at simplefx.util.Predef$.$anonfun$runInAndBlock$1(Predef.scala:184)
	at scala.runtime.java8.JFunction0$mcV$sp.apply(JFunction0$mcV$sp.java:12)
	at simplefx.cores.standard.parts.CoreTimeEvent.$anonfun$runAsAnimation$1(CoreTimeEvent.scala:59)
	at simplefx.cores.standard.parts.CoreTimeEvent$$anon$2.evaluateTasks$1(CoreTimeEvent.scala:41)
	at simplefx.cores.standard.parts.CoreTimeEvent$$anon$2.handle(CoreTimeEvent.scala:49)
	at javafx.animation.AnimationTimer$AnimationTimerReceiver.lambda$handle$484(AnimationTimer.java:57)
	at java.security.AccessController.doPrivileged(Native Method)
	at javafx.animation.AnimationTimer$AnimationTimerReceiver.handle(AnimationTimer.java:56)
	at com.sun.scenario.animation.AbstractMasterTimer.timePulseImpl(AbstractMasterTimer.java:357)
	at com.sun.scenario.animation.AbstractMasterTimer$MainLoop.run(AbstractMasterTimer.java:267)
	at com.sun.javafx.tk.quantum.QuantumToolkit.pulse(QuantumToolkit.java:506)
	at com.sun.javafx.tk.quantum.QuantumToolkit.pulse(QuantumToolkit.java:490)
	at com.sun.javafx.tk.quantum.QuantumToolkit.lambda$runToolkit$404(QuantumToolkit.java:319)
	at com.sun.glass.ui.monocle.RunnableProcessor.runLoop(RunnableProcessor.java:92)
	at com.sun.glass.ui.monocle.RunnableProcessor.run(RunnableProcessor.java:51)
	at java.lang.Thread.run(Thread.java:748)
2018-12-03 00:43:41,814 [ERROR] from com.jpro.internal.server.ViewSerializerActor in JavaFX Application Thread - JavaFXStreamer - got Exception: 
java.lang.NullPointerException: Location is required.
	at javafx.fxml.FXMLLoader.loadImpl(FXMLLoader.java:3207)
	at javafx.fxml.FXMLLoader.loadImpl(FXMLLoader.java:3175)
	at javafx.fxml.FXMLLoader.loadImpl(FXMLLoader.java:3148)
	at javafx.fxml.FXMLLoader.loadImpl(FXMLLoader.java:3124)
	at javafx.fxml.FXMLLoader.loadImpl(FXMLLoader.java:3104)
	at javafx.fxml.FXMLLoader.load(FXMLLoader.java:3097)
	at pl.jpranica.multipainterfx.Main.start(Main.java:15)
	at com.jpro.internal.config.ApplicationStarter$.startJApplication(ApplicationStarter.scala:133)
	at com.jpro.internal.config.ApplicationStarter$.$anonfun$startApplication$2(ApplicationStarter.scala:114)
	at simplefx.cores.interfaces.parts.testing.CoreTesting.inFX(CoreTesting.scala:19)
	at simplefx.cores.interfaces.parts.testing.CoreTesting.inFX$(CoreTesting.scala:16)
	at simplefx.cores.standard.Core.inFX(Core.scala:9)
	at com.jpro.internal.config.ApplicationStarter$.startApplication(ApplicationStarter.scala:112)
	at com.jpro.internal.config.ApplicationStarter$.requestApplication(ApplicationStarter.scala:95)
	at com.jpro.internal.config.ApplicationStarter$.getApplication(ApplicationStarter.scala:61)
	at com.jpro.internal.communicator.ViewImpl.<init>(ViewImpl.scala:26)
	at com.jpro.internal.server.ViewByActor.<init>(ViewSerializerActor.scala:81)
	at com.jpro.internal.server.ViewSerializerActor$$anonfun$receive$1$$anonfun$applyOrElse$4.$anonfun$applyOrElse$1(ViewSerializerActor.scala:49)
	at scala.runtime.java8.JFunction0$mcV$sp.apply(JFunction0$mcV$sp.java:12)
	at simplefx.util.Predef$.$anonfun$runInAndBlock$1(Predef.scala:184)
	at scala.runtime.java8.JFunction0$mcV$sp.apply(JFunction0$mcV$sp.java:12)
	at simplefx.cores.standard.parts.CoreTimeEvent.$anonfun$runAsAnimation$1(CoreTimeEvent.scala:59)
	at simplefx.cores.standard.parts.CoreTimeEvent$$anon$2.evaluateTasks$1(CoreTimeEvent.scala:41)
	at simplefx.cores.standard.parts.CoreTimeEvent$$anon$2.handle(CoreTimeEvent.scala:49)
	at javafx.animation.AnimationTimer$AnimationTimerReceiver.lambda$handle$484(AnimationTimer.java:57)
	at java.security.AccessController.doPrivileged(Native Method)
	at javafx.animation.AnimationTimer$AnimationTimerReceiver.handle(AnimationTimer.java:56)
	at com.sun.scenario.animation.AbstractMasterTimer.timePulseImpl(AbstractMasterTimer.java:357)
	at com.sun.scenario.animation.AbstractMasterTimer$MainLoop.run(AbstractMasterTimer.java:267)
	at com.sun.javafx.tk.quantum.QuantumToolkit.pulse(QuantumToolkit.java:506)
	at com.sun.javafx.tk.quantum.QuantumToolkit.pulse(QuantumToolkit.java:490)
	at com.sun.javafx.tk.quantum.QuantumToolkit.lambda$runToolkit$404(QuantumToolkit.java:319)
	at com.sun.glass.ui.monocle.RunnableProcessor.runLoop(RunnableProcessor.java:92)
	at com.sun.glass.ui.monocle.RunnableProcessor.run(RunnableProcessor.java:51)
	at java.lang.Thread.run(Thread.java:748)
2018-12-03 00:45:22,430 [ERROR] from com.jpro.internal.server.ViewSerializerActor in JavaFX Application Thread - JavaFXStreamer - got Exception: 
java.lang.NullPointerException: Location is required.
	at javafx.fxml.FXMLLoader.loadImpl(FXMLLoader.java:3207)
	at javafx.fxml.FXMLLoader.loadImpl(FXMLLoader.java:3175)
	at javafx.fxml.FXMLLoader.loadImpl(FXMLLoader.java:3148)
	at javafx.fxml.FXMLLoader.loadImpl(FXMLLoader.java:3124)
	at javafx.fxml.FXMLLoader.loadImpl(FXMLLoader.java:3104)
	at javafx.fxml.FXMLLoader.load(FXMLLoader.java:3097)
	at pl.jpranica.multipainterfx.Main.start(Main.java:15)
	at com.jpro.internal.config.ApplicationStarter$.startJApplication(ApplicationStarter.scala:133)
	at com.jpro.internal.config.ApplicationStarter$.$anonfun$startApplication$2(ApplicationStarter.scala:114)
	at simplefx.cores.interfaces.parts.testing.CoreTesting.inFX(CoreTesting.scala:19)
	at simplefx.cores.interfaces.parts.testing.CoreTesting.inFX$(CoreTesting.scala:16)
	at simplefx.cores.standard.Core.inFX(Core.scala:9)
	at com.jpro.internal.config.ApplicationStarter$.startApplication(ApplicationStarter.scala:112)
	at com.jpro.internal.config.ApplicationStarter$.requestApplication(ApplicationStarter.scala:95)
	at com.jpro.internal.config.ApplicationStarter$.getApplication(ApplicationStarter.scala:61)
	at com.jpro.internal.communicator.ViewImpl.<init>(ViewImpl.scala:26)
	at com.jpro.internal.server.ViewByActor.<init>(ViewSerializerActor.scala:81)
	at com.jpro.internal.server.ViewSerializerActor$$anonfun$receive$1$$anonfun$applyOrElse$4.$anonfun$applyOrElse$1(ViewSerializerActor.scala:49)
	at scala.runtime.java8.JFunction0$mcV$sp.apply(JFunction0$mcV$sp.java:12)
	at simplefx.util.Predef$.$anonfun$runInAndBlock$1(Predef.scala:184)
	at scala.runtime.java8.JFunction0$mcV$sp.apply(JFunction0$mcV$sp.java:12)
	at simplefx.cores.standard.parts.CoreTimeEvent.$anonfun$runAsAnimation$1(CoreTimeEvent.scala:59)
	at simplefx.cores.standard.parts.CoreTimeEvent$$anon$2.evaluateTasks$1(CoreTimeEvent.scala:41)
	at simplefx.cores.standard.parts.CoreTimeEvent$$anon$2.handle(CoreTimeEvent.scala:49)
	at javafx.animation.AnimationTimer$AnimationTimerReceiver.lambda$handle$484(AnimationTimer.java:57)
	at java.security.AccessController.doPrivileged(Native Method)
	at javafx.animation.AnimationTimer$AnimationTimerReceiver.handle(AnimationTimer.java:56)
	at com.sun.scenario.animation.AbstractMasterTimer.timePulseImpl(AbstractMasterTimer.java:357)
	at com.sun.scenario.animation.AbstractMasterTimer$MainLoop.run(AbstractMasterTimer.java:267)
	at com.sun.javafx.tk.quantum.QuantumToolkit.pulse(QuantumToolkit.java:506)
	at com.sun.javafx.tk.quantum.QuantumToolkit.pulse(QuantumToolkit.java:490)
	at com.sun.javafx.tk.quantum.QuantumToolkit.lambda$runToolkit$404(QuantumToolkit.java:319)
	at com.sun.glass.ui.monocle.RunnableProcessor.runLoop(RunnableProcessor.java:92)
	at com.sun.glass.ui.monocle.RunnableProcessor.run(RunnableProcessor.java:51)
	at java.lang.Thread.run(Thread.java:748)
2018-12-03 00:45:55,417 [ERROR] from com.jpro.internal.server.ViewSerializerActor in JavaFX Application Thread - JavaFXStreamer - got Exception: 
java.lang.NullPointerException: Location is required.
	at javafx.fxml.FXMLLoader.loadImpl(FXMLLoader.java:3207)
	at javafx.fxml.FXMLLoader.loadImpl(FXMLLoader.java:3175)
	at javafx.fxml.FXMLLoader.loadImpl(FXMLLoader.java:3148)
	at javafx.fxml.FXMLLoader.loadImpl(FXMLLoader.java:3124)
	at javafx.fxml.FXMLLoader.loadImpl(FXMLLoader.java:3104)
	at javafx.fxml.FXMLLoader.load(FXMLLoader.java:3097)
	at pl.jpranica.multipainterfx.Main.start(Main.java:15)
	at com.jpro.internal.config.ApplicationStarter$.startJApplication(ApplicationStarter.scala:133)
	at com.jpro.internal.config.ApplicationStarter$.$anonfun$startApplication$2(ApplicationStarter.scala:114)
	at simplefx.cores.interfaces.parts.testing.CoreTesting.inFX(CoreTesting.scala:19)
	at simplefx.cores.interfaces.parts.testing.CoreTesting.inFX$(CoreTesting.scala:16)
	at simplefx.cores.standard.Core.inFX(Core.scala:9)
	at com.jpro.internal.config.ApplicationStarter$.startApplication(ApplicationStarter.scala:112)
	at com.jpro.internal.config.ApplicationStarter$.requestApplication(ApplicationStarter.scala:95)
	at com.jpro.internal.config.ApplicationStarter$.getApplication(ApplicationStarter.scala:61)
	at com.jpro.internal.communicator.ViewImpl.<init>(ViewImpl.scala:26)
	at com.jpro.internal.server.ViewByActor.<init>(ViewSerializerActor.scala:81)
	at com.jpro.internal.server.ViewSerializerActor$$anonfun$receive$1$$anonfun$applyOrElse$4.$anonfun$applyOrElse$1(ViewSerializerActor.scala:49)
	at scala.runtime.java8.JFunction0$mcV$sp.apply(JFunction0$mcV$sp.java:12)
	at simplefx.util.Predef$.$anonfun$runInAndBlock$1(Predef.scala:184)
	at scala.runtime.java8.JFunction0$mcV$sp.apply(JFunction0$mcV$sp.java:12)
	at simplefx.cores.standard.parts.CoreTimeEvent.$anonfun$runAsAnimation$1(CoreTimeEvent.scala:59)
	at simplefx.cores.standard.parts.CoreTimeEvent$$anon$2.evaluateTasks$1(CoreTimeEvent.scala:41)
	at simplefx.cores.standard.parts.CoreTimeEvent$$anon$2.handle(CoreTimeEvent.scala:49)
	at javafx.animation.AnimationTimer$AnimationTimerReceiver.lambda$handle$484(AnimationTimer.java:57)
	at java.security.AccessController.doPrivileged(Native Method)
	at javafx.animation.AnimationTimer$AnimationTimerReceiver.handle(AnimationTimer.java:56)
	at com.sun.scenario.animation.AbstractMasterTimer.timePulseImpl(AbstractMasterTimer.java:357)
	at com.sun.scenario.animation.AbstractMasterTimer$MainLoop.run(AbstractMasterTimer.java:267)
	at com.sun.javafx.tk.quantum.QuantumToolkit.pulse(QuantumToolkit.java:506)
	at com.sun.javafx.tk.quantum.QuantumToolkit.pulse(QuantumToolkit.java:490)
	at com.sun.javafx.tk.quantum.QuantumToolkit.lambda$runToolkit$404(QuantumToolkit.java:319)
	at com.sun.glass.ui.monocle.RunnableProcessor.runLoop(RunnableProcessor.java:92)
	at com.sun.glass.ui.monocle.RunnableProcessor.run(RunnableProcessor.java:51)
	at java.lang.Thread.run(Thread.java:748)
2018-12-03 00:45:57,038 [ERROR] from com.jpro.internal.server.ViewSerializerActor in JavaFX Application Thread - JavaFXStreamer - got Exception: 
java.lang.NullPointerException: Location is required.
	at javafx.fxml.FXMLLoader.loadImpl(FXMLLoader.java:3207)
	at javafx.fxml.FXMLLoader.loadImpl(FXMLLoader.java:3175)
	at javafx.fxml.FXMLLoader.loadImpl(FXMLLoader.java:3148)
	at javafx.fxml.FXMLLoader.loadImpl(FXMLLoader.java:3124)
	at javafx.fxml.FXMLLoader.loadImpl(FXMLLoader.java:3104)
	at javafx.fxml.FXMLLoader.load(FXMLLoader.java:3097)
	at pl.jpranica.multipainterfx.Main.start(Main.java:15)
	at com.jpro.internal.config.ApplicationStarter$.startJApplication(ApplicationStarter.scala:133)
	at com.jpro.internal.config.ApplicationStarter$.$anonfun$startApplication$2(ApplicationStarter.scala:114)
	at simplefx.cores.interfaces.parts.testing.CoreTesting.inFX(CoreTesting.scala:19)
	at simplefx.cores.interfaces.parts.testing.CoreTesting.inFX$(CoreTesting.scala:16)
	at simplefx.cores.standard.Core.inFX(Core.scala:9)
	at com.jpro.internal.config.ApplicationStarter$.startApplication(ApplicationStarter.scala:112)
	at com.jpro.internal.config.ApplicationStarter$.requestApplication(ApplicationStarter.scala:95)
	at com.jpro.internal.config.ApplicationStarter$.getApplication(ApplicationStarter.scala:61)
	at com.jpro.internal.communicator.ViewImpl.<init>(ViewImpl.scala:26)
	at com.jpro.internal.server.ViewByActor.<init>(ViewSerializerActor.scala:81)
	at com.jpro.internal.server.ViewSerializerActor$$anonfun$receive$1$$anonfun$applyOrElse$4.$anonfun$applyOrElse$1(ViewSerializerActor.scala:49)
	at scala.runtime.java8.JFunction0$mcV$sp.apply(JFunction0$mcV$sp.java:12)
	at simplefx.util.Predef$.$anonfun$runInAndBlock$1(Predef.scala:184)
	at scala.runtime.java8.JFunction0$mcV$sp.apply(JFunction0$mcV$sp.java:12)
	at simplefx.cores.standard.parts.CoreTimeEvent.$anonfun$runAsAnimation$1(CoreTimeEvent.scala:59)
	at simplefx.cores.standard.parts.CoreTimeEvent$$anon$2.evaluateTasks$1(CoreTimeEvent.scala:41)
	at simplefx.cores.standard.parts.CoreTimeEvent$$anon$2.handle(CoreTimeEvent.scala:49)
	at javafx.animation.AnimationTimer$AnimationTimerReceiver.lambda$handle$484(AnimationTimer.java:57)
	at java.security.AccessController.doPrivileged(Native Method)
	at javafx.animation.AnimationTimer$AnimationTimerReceiver.handle(AnimationTimer.java:56)
	at com.sun.scenario.animation.AbstractMasterTimer.timePulseImpl(AbstractMasterTimer.java:357)
	at com.sun.scenario.animation.AbstractMasterTimer$MainLoop.run(AbstractMasterTimer.java:267)
	at com.sun.javafx.tk.quantum.QuantumToolkit.pulse(QuantumToolkit.java:506)
	at com.sun.javafx.tk.quantum.QuantumToolkit.pulse(QuantumToolkit.java:490)
	at com.sun.javafx.tk.quantum.QuantumToolkit.lambda$runToolkit$404(QuantumToolkit.java:319)
	at com.sun.glass.ui.monocle.RunnableProcessor.runLoop(RunnableProcessor.java:92)
	at com.sun.glass.ui.monocle.RunnableProcessor.run(RunnableProcessor.java:51)
	at java.lang.Thread.run(Thread.java:748)
2018-12-03 00:45:58,560 [ERROR] from com.jpro.internal.server.ViewSerializerActor in JavaFX Application Thread - JavaFXStreamer - got Exception: 
java.lang.NullPointerException: Location is required.
	at javafx.fxml.FXMLLoader.loadImpl(FXMLLoader.java:3207)
	at javafx.fxml.FXMLLoader.loadImpl(FXMLLoader.java:3175)
	at javafx.fxml.FXMLLoader.loadImpl(FXMLLoader.java:3148)
	at javafx.fxml.FXMLLoader.loadImpl(FXMLLoader.java:3124)
	at javafx.fxml.FXMLLoader.loadImpl(FXMLLoader.java:3104)
	at javafx.fxml.FXMLLoader.load(FXMLLoader.java:3097)
	at pl.jpranica.multipainterfx.Main.start(Main.java:15)
	at com.jpro.internal.config.ApplicationStarter$.startJApplication(ApplicationStarter.scala:133)
	at com.jpro.internal.config.ApplicationStarter$.$anonfun$startApplication$2(ApplicationStarter.scala:114)
	at simplefx.cores.interfaces.parts.testing.CoreTesting.inFX(CoreTesting.scala:19)
	at simplefx.cores.interfaces.parts.testing.CoreTesting.inFX$(CoreTesting.scala:16)
	at simplefx.cores.standard.Core.inFX(Core.scala:9)
	at com.jpro.internal.config.ApplicationStarter$.startApplication(ApplicationStarter.scala:112)
	at com.jpro.internal.config.ApplicationStarter$.requestApplication(ApplicationStarter.scala:95)
	at com.jpro.internal.config.ApplicationStarter$.getApplication(ApplicationStarter.scala:61)
	at com.jpro.internal.communicator.ViewImpl.<init>(ViewImpl.scala:26)
	at com.jpro.internal.server.ViewByActor.<init>(ViewSerializerActor.scala:81)
	at com.jpro.internal.server.ViewSerializerActor$$anonfun$receive$1$$anonfun$applyOrElse$4.$anonfun$applyOrElse$1(ViewSerializerActor.scala:49)
	at scala.runtime.java8.JFunction0$mcV$sp.apply(JFunction0$mcV$sp.java:12)
	at simplefx.util.Predef$.$anonfun$runInAndBlock$1(Predef.scala:184)
	at scala.runtime.java8.JFunction0$mcV$sp.apply(JFunction0$mcV$sp.java:12)
	at simplefx.cores.standard.parts.CoreTimeEvent.$anonfun$runAsAnimation$1(CoreTimeEvent.scala:59)
	at simplefx.cores.standard.parts.CoreTimeEvent$$anon$2.evaluateTasks$1(CoreTimeEvent.scala:41)
	at simplefx.cores.standard.parts.CoreTimeEvent$$anon$2.handle(CoreTimeEvent.scala:49)
	at javafx.animation.AnimationTimer$AnimationTimerReceiver.lambda$handle$484(AnimationTimer.java:57)
	at java.security.AccessController.doPrivileged(Native Method)
	at javafx.animation.AnimationTimer$AnimationTimerReceiver.handle(AnimationTimer.java:56)
	at com.sun.scenario.animation.AbstractMasterTimer.timePulseImpl(AbstractMasterTimer.java:357)
	at com.sun.scenario.animation.AbstractMasterTimer$MainLoop.run(AbstractMasterTimer.java:267)
	at com.sun.javafx.tk.quantum.QuantumToolkit.pulse(QuantumToolkit.java:506)
	at com.sun.javafx.tk.quantum.QuantumToolkit.pulse(QuantumToolkit.java:490)
	at com.sun.javafx.tk.quantum.QuantumToolkit.lambda$runToolkit$404(QuantumToolkit.java:319)
	at com.sun.glass.ui.monocle.RunnableProcessor.runLoop(RunnableProcessor.java:92)
	at com.sun.glass.ui.monocle.RunnableProcessor.run(RunnableProcessor.java:51)
	at java.lang.Thread.run(Thread.java:748)
2018-12-03 00:46:00,120 [ERROR] from com.jpro.internal.server.ViewSerializerActor in JavaFX Application Thread - JavaFXStreamer - got Exception: 
java.lang.NullPointerException: Location is required.
	at javafx.fxml.FXMLLoader.loadImpl(FXMLLoader.java:3207)
	at javafx.fxml.FXMLLoader.loadImpl(FXMLLoader.java:3175)
	at javafx.fxml.FXMLLoader.loadImpl(FXMLLoader.java:3148)
	at javafx.fxml.FXMLLoader.loadImpl(FXMLLoader.java:3124)
	at javafx.fxml.FXMLLoader.loadImpl(FXMLLoader.java:3104)
	at javafx.fxml.FXMLLoader.load(FXMLLoader.java:3097)
	at pl.jpranica.multipainterfx.Main.start(Main.java:15)
	at com.jpro.internal.config.ApplicationStarter$.startJApplication(ApplicationStarter.scala:133)
	at com.jpro.internal.config.ApplicationStarter$.$anonfun$startApplication$2(ApplicationStarter.scala:114)
	at simplefx.cores.interfaces.parts.testing.CoreTesting.inFX(CoreTesting.scala:19)
	at simplefx.cores.interfaces.parts.testing.CoreTesting.inFX$(CoreTesting.scala:16)
	at simplefx.cores.standard.Core.inFX(Core.scala:9)
	at com.jpro.internal.config.ApplicationStarter$.startApplication(ApplicationStarter.scala:112)
	at com.jpro.internal.config.ApplicationStarter$.requestApplication(ApplicationStarter.scala:95)
	at com.jpro.internal.config.ApplicationStarter$.getApplication(ApplicationStarter.scala:61)
	at com.jpro.internal.communicator.ViewImpl.<init>(ViewImpl.scala:26)
	at com.jpro.internal.server.ViewByActor.<init>(ViewSerializerActor.scala:81)
	at com.jpro.internal.server.ViewSerializerActor$$anonfun$receive$1$$anonfun$applyOrElse$4.$anonfun$applyOrElse$1(ViewSerializerActor.scala:49)
	at scala.runtime.java8.JFunction0$mcV$sp.apply(JFunction0$mcV$sp.java:12)
	at simplefx.util.Predef$.$anonfun$runInAndBlock$1(Predef.scala:184)
	at scala.runtime.java8.JFunction0$mcV$sp.apply(JFunction0$mcV$sp.java:12)
	at simplefx.cores.standard.parts.CoreTimeEvent.$anonfun$runAsAnimation$1(CoreTimeEvent.scala:59)
	at simplefx.cores.standard.parts.CoreTimeEvent$$anon$2.evaluateTasks$1(CoreTimeEvent.scala:41)
	at simplefx.cores.standard.parts.CoreTimeEvent$$anon$2.handle(CoreTimeEvent.scala:49)
	at javafx.animation.AnimationTimer$AnimationTimerReceiver.lambda$handle$484(AnimationTimer.java:57)
	at java.security.AccessController.doPrivileged(Native Method)
	at javafx.animation.AnimationTimer$AnimationTimerReceiver.handle(AnimationTimer.java:56)
	at com.sun.scenario.animation.AbstractMasterTimer.timePulseImpl(AbstractMasterTimer.java:357)
	at com.sun.scenario.animation.AbstractMasterTimer$MainLoop.run(AbstractMasterTimer.java:267)
	at com.sun.javafx.tk.quantum.QuantumToolkit.pulse(QuantumToolkit.java:506)
	at com.sun.javafx.tk.quantum.QuantumToolkit.pulse(QuantumToolkit.java:490)
	at com.sun.javafx.tk.quantum.QuantumToolkit.lambda$runToolkit$404(QuantumToolkit.java:319)
	at com.sun.glass.ui.monocle.RunnableProcessor.runLoop(RunnableProcessor.java:92)
	at com.sun.glass.ui.monocle.RunnableProcessor.run(RunnableProcessor.java:51)
	at java.lang.Thread.run(Thread.java:748)
2018-12-03 00:46:00,557 [ERROR] from com.jpro.internal.server.ViewSerializerActor in JavaFX Application Thread - JavaFXStreamer - got Exception: 
java.lang.NullPointerException: Location is required.
	at javafx.fxml.FXMLLoader.loadImpl(FXMLLoader.java:3207)
	at javafx.fxml.FXMLLoader.loadImpl(FXMLLoader.java:3175)
	at javafx.fxml.FXMLLoader.loadImpl(FXMLLoader.java:3148)
	at javafx.fxml.FXMLLoader.loadImpl(FXMLLoader.java:3124)
	at javafx.fxml.FXMLLoader.loadImpl(FXMLLoader.java:3104)
	at javafx.fxml.FXMLLoader.load(FXMLLoader.java:3097)
	at pl.jpranica.multipainterfx.Main.start(Main.java:15)
	at com.jpro.internal.config.ApplicationStarter$.startJApplication(ApplicationStarter.scala:133)
	at com.jpro.internal.config.ApplicationStarter$.$anonfun$startApplication$2(ApplicationStarter.scala:114)
	at simplefx.cores.interfaces.parts.testing.CoreTesting.inFX(CoreTesting.scala:19)
	at simplefx.cores.interfaces.parts.testing.CoreTesting.inFX$(CoreTesting.scala:16)
	at simplefx.cores.standard.Core.inFX(Core.scala:9)
	at com.jpro.internal.config.ApplicationStarter$.startApplication(ApplicationStarter.scala:112)
	at com.jpro.internal.config.ApplicationStarter$.requestApplication(ApplicationStarter.scala:95)
	at com.jpro.internal.config.ApplicationStarter$.getApplication(ApplicationStarter.scala:61)
	at com.jpro.internal.communicator.ViewImpl.<init>(ViewImpl.scala:26)
	at com.jpro.internal.server.ViewByActor.<init>(ViewSerializerActor.scala:81)
	at com.jpro.internal.server.ViewSerializerActor$$anonfun$receive$1$$anonfun$applyOrElse$4.$anonfun$applyOrElse$1(ViewSerializerActor.scala:49)
	at scala.runtime.java8.JFunction0$mcV$sp.apply(JFunction0$mcV$sp.java:12)
	at simplefx.util.Predef$.$anonfun$runInAndBlock$1(Predef.scala:184)
	at scala.runtime.java8.JFunction0$mcV$sp.apply(JFunction0$mcV$sp.java:12)
	at simplefx.cores.standard.parts.CoreTimeEvent.$anonfun$runAsAnimation$1(CoreTimeEvent.scala:59)
	at simplefx.cores.standard.parts.CoreTimeEvent$$anon$2.evaluateTasks$1(CoreTimeEvent.scala:41)
	at simplefx.cores.standard.parts.CoreTimeEvent$$anon$2.handle(CoreTimeEvent.scala:49)
	at javafx.animation.AnimationTimer$AnimationTimerReceiver.lambda$handle$484(AnimationTimer.java:57)
	at java.security.AccessController.doPrivileged(Native Method)
	at javafx.animation.AnimationTimer$AnimationTimerReceiver.handle(AnimationTimer.java:56)
	at com.sun.scenario.animation.AbstractMasterTimer.timePulseImpl(AbstractMasterTimer.java:357)
	at com.sun.scenario.animation.AbstractMasterTimer$MainLoop.run(AbstractMasterTimer.java:267)
	at com.sun.javafx.tk.quantum.QuantumToolkit.pulse(QuantumToolkit.java:506)
	at com.sun.javafx.tk.quantum.QuantumToolkit.pulse(QuantumToolkit.java:490)
	at com.sun.javafx.tk.quantum.QuantumToolkit.lambda$runToolkit$404(QuantumToolkit.java:319)
	at com.sun.glass.ui.monocle.RunnableProcessor.runLoop(RunnableProcessor.java:92)
	at com.sun.glass.ui.monocle.RunnableProcessor.run(RunnableProcessor.java:51)
	at java.lang.Thread.run(Thread.java:748)
2018-12-03 01:16:28,720 [ERROR] from com.jpro.internal.server.ViewSerializerActor in JavaFX Application Thread - JavaFXStreamer - got Exception: 
java.lang.NullPointerException: Location is required.
	at javafx.fxml.FXMLLoader.loadImpl(FXMLLoader.java:3207)
	at javafx.fxml.FXMLLoader.loadImpl(FXMLLoader.java:3175)
	at javafx.fxml.FXMLLoader.loadImpl(FXMLLoader.java:3148)
	at javafx.fxml.FXMLLoader.loadImpl(FXMLLoader.java:3124)
	at javafx.fxml.FXMLLoader.loadImpl(FXMLLoader.java:3104)
	at javafx.fxml.FXMLLoader.load(FXMLLoader.java:3097)
	at pl.jpranica.multipainterfx.Main.start(Main.java:15)
	at com.jpro.internal.config.ApplicationStarter$.startJApplication(ApplicationStarter.scala:133)
	at com.jpro.internal.config.ApplicationStarter$.$anonfun$startApplication$2(ApplicationStarter.scala:114)
	at simplefx.cores.interfaces.parts.testing.CoreTesting.inFX(CoreTesting.scala:19)
	at simplefx.cores.interfaces.parts.testing.CoreTesting.inFX$(CoreTesting.scala:16)
	at simplefx.cores.standard.Core.inFX(Core.scala:9)
	at com.jpro.internal.config.ApplicationStarter$.startApplication(ApplicationStarter.scala:112)
	at com.jpro.internal.config.ApplicationStarter$.requestApplication(ApplicationStarter.scala:95)
	at com.jpro.internal.config.ApplicationStarter$.getApplication(ApplicationStarter.scala:61)
	at com.jpro.internal.communicator.ViewImpl.<init>(ViewImpl.scala:26)
	at com.jpro.internal.server.ViewByActor.<init>(ViewSerializerActor.scala:81)
	at com.jpro.internal.server.ViewSerializerActor$$anonfun$receive$1$$anonfun$applyOrElse$4.$anonfun$applyOrElse$1(ViewSerializerActor.scala:49)
	at scala.runtime.java8.JFunction0$mcV$sp.apply(JFunction0$mcV$sp.java:12)
	at simplefx.util.Predef$.$anonfun$runInAndBlock$1(Predef.scala:184)
	at scala.runtime.java8.JFunction0$mcV$sp.apply(JFunction0$mcV$sp.java:12)
	at simplefx.cores.standard.parts.CoreTimeEvent.$anonfun$runAsAnimation$1(CoreTimeEvent.scala:59)
	at simplefx.cores.standard.parts.CoreTimeEvent$$anon$2.evaluateTasks$1(CoreTimeEvent.scala:41)
	at simplefx.cores.standard.parts.CoreTimeEvent$$anon$2.handle(CoreTimeEvent.scala:49)
	at javafx.animation.AnimationTimer$AnimationTimerReceiver.lambda$handle$484(AnimationTimer.java:57)
	at java.security.AccessController.doPrivileged(Native Method)
	at javafx.animation.AnimationTimer$AnimationTimerReceiver.handle(AnimationTimer.java:56)
	at com.sun.scenario.animation.AbstractMasterTimer.timePulseImpl(AbstractMasterTimer.java:357)
	at com.sun.scenario.animation.AbstractMasterTimer$MainLoop.run(AbstractMasterTimer.java:267)
	at com.sun.javafx.tk.quantum.QuantumToolkit.pulse(QuantumToolkit.java:506)
	at com.sun.javafx.tk.quantum.QuantumToolkit.pulse(QuantumToolkit.java:490)
	at com.sun.javafx.tk.quantum.QuantumToolkit.lambda$runToolkit$404(QuantumToolkit.java:319)
	at com.sun.glass.ui.monocle.RunnableProcessor.runLoop(RunnableProcessor.java:92)
	at com.sun.glass.ui.monocle.RunnableProcessor.run(RunnableProcessor.java:51)
	at java.lang.Thread.run(Thread.java:748)
2018-12-03 01:43:04,339 [ERROR] from com.jpro.meta.stream.FXSerializerImpl in JavaFX Application Thread - couldn't wrap node ... class: javafx.scene.canvas.Canvas ... javafx.scene.Node
2018-12-03 01:44:04,691 [ERROR] from com.jpro.meta.stream.FXSerializerImpl in JavaFX Application Thread - couldn't wrap node ... class: javafx.scene.canvas.Canvas ... javafx.scene.Node
2018-12-03 01:45:22,033 [ERROR] from com.jpro.meta.stream.FXSerializerImpl in JavaFX Application Thread - couldn't wrap node ... class: javafx.scene.canvas.Canvas ... javafx.scene.Node
2018-12-03 01:49:45,625 [ERROR] from com.jpro.meta.stream.FXSerializerImpl in JavaFX Application Thread - couldn't wrap node ... class: javafx.scene.canvas.Canvas ... javafx.scene.Node
2018-12-03 02:24:06,593 [ERROR] from com.jpro.meta.stream.FXSerializerImpl in JavaFX Application Thread - couldn't wrap node ... class: javafx.scene.canvas.Canvas ... javafx.scene.Node
2018-12-03 02:24:08,169 [ERROR] from com.jpro.meta.stream.FXSerializerImpl in JavaFX Application Thread - couldn't wrap node ... class: javafx.scene.canvas.Canvas ... javafx.scene.Node
2018-12-03 02:24:19,874 [ERROR] from com.jpro.meta.stream.FXSerializerImpl in JavaFX Application Thread - couldn't wrap node ... class: javafx.scene.canvas.Canvas ... javafx.scene.Node
2018-12-03 02:24:21,744 [ERROR] from com.jpro.meta.stream.FXSerializerImpl in JavaFX Application Thread - couldn't wrap node ... class: javafx.scene.canvas.Canvas ... javafx.scene.Node
2018-12-06 19:23:06,430 [ERROR] from com.jpro.meta.stream.FXSerializerImpl in JavaFX Application Thread - couldn't wrap node ... class: javafx.scene.canvas.Canvas ... javafx.scene.Node
2018-12-09 21:18:09,091 [ERROR] from akka.io.TcpListener in application-akka.actor.default-dispatcher-2 - Bind failed for TCP channel on endpoint [/0.0.0.0:8080]
java.net.BindException: Address already in use: bind
	at sun.nio.ch.Net.bind0(Native Method)
	at sun.nio.ch.Net.bind(Net.java:433)
	at sun.nio.ch.Net.bind(Net.java:425)
	at sun.nio.ch.ServerSocketChannelImpl.bind(ServerSocketChannelImpl.java:223)
	at sun.nio.ch.ServerSocketAdaptor.bind(ServerSocketAdaptor.java:74)
	at akka.io.TcpListener.liftedTree1$1(TcpListener.scala:56)
	at akka.io.TcpListener.<init>(TcpListener.scala:53)
	at sun.reflect.NativeConstructorAccessorImpl.newInstance0(Native Method)
	at sun.reflect.NativeConstructorAccessorImpl.newInstance(NativeConstructorAccessorImpl.java:62)
	at sun.reflect.DelegatingConstructorAccessorImpl.newInstance(DelegatingConstructorAccessorImpl.java:45)
	at java.lang.reflect.Constructor.newInstance(Constructor.java:423)
	at akka.util.Reflect$.instantiate(Reflect.scala:66)
	at akka.actor.ArgsReflectConstructor.produce(IndirectActorProducer.scala:96)
	at akka.actor.Props.newActor(Props.scala:212)
	at akka.actor.ActorCell.newActor(ActorCell.scala:624)
	at akka.actor.ActorCell.create(ActorCell.scala:650)
	at akka.actor.ActorCell.invokeAll$1(ActorCell.scala:523)
	at akka.actor.ActorCell.systemInvoke(ActorCell.scala:545)
	at akka.dispatch.Mailbox.processAllSystemMessages(Mailbox.scala:283)
	at akka.dispatch.Mailbox.run(Mailbox.scala:224)
	at akka.dispatch.Mailbox.exec(Mailbox.scala:235)
	at akka.dispatch.forkjoin.ForkJoinTask.doExec(ForkJoinTask.java:260)
	at akka.dispatch.forkjoin.ForkJoinPool$WorkQueue.runTask(ForkJoinPool.java:1339)
	at akka.dispatch.forkjoin.ForkJoinPool.runWorker(ForkJoinPool.java:1979)
	at akka.dispatch.forkjoin.ForkJoinWorkerThread.run(ForkJoinWorkerThread.java:107)
2018-12-09 21:19:44,613 [ERROR] from akka.io.TcpListener in application-akka.actor.default-dispatcher-5 - Bind failed for TCP channel on endpoint [/0.0.0.0:8080]
java.net.BindException: Address already in use: bind
	at sun.nio.ch.Net.bind0(Native Method)
	at sun.nio.ch.Net.bind(Net.java:433)
	at sun.nio.ch.Net.bind(Net.java:425)
	at sun.nio.ch.ServerSocketChannelImpl.bind(ServerSocketChannelImpl.java:223)
	at sun.nio.ch.ServerSocketAdaptor.bind(ServerSocketAdaptor.java:74)
	at akka.io.TcpListener.liftedTree1$1(TcpListener.scala:56)
	at akka.io.TcpListener.<init>(TcpListener.scala:53)
	at sun.reflect.NativeConstructorAccessorImpl.newInstance0(Native Method)
	at sun.reflect.NativeConstructorAccessorImpl.newInstance(NativeConstructorAccessorImpl.java:62)
	at sun.reflect.DelegatingConstructorAccessorImpl.newInstance(DelegatingConstructorAccessorImpl.java:45)
	at java.lang.reflect.Constructor.newInstance(Constructor.java:423)
	at akka.util.Reflect$.instantiate(Reflect.scala:66)
	at akka.actor.ArgsReflectConstructor.produce(IndirectActorProducer.scala:96)
	at akka.actor.Props.newActor(Props.scala:212)
	at akka.actor.ActorCell.newActor(ActorCell.scala:624)
	at akka.actor.ActorCell.create(ActorCell.scala:650)
	at akka.actor.ActorCell.invokeAll$1(ActorCell.scala:523)
	at akka.actor.ActorCell.systemInvoke(ActorCell.scala:545)
	at akka.dispatch.Mailbox.processAllSystemMessages(Mailbox.scala:283)
	at akka.dispatch.Mailbox.run(Mailbox.scala:224)
	at akka.dispatch.Mailbox.exec(Mailbox.scala:235)
	at akka.dispatch.forkjoin.ForkJoinTask.doExec(ForkJoinTask.java:260)
	at akka.dispatch.forkjoin.ForkJoinPool$WorkQueue.runTask(ForkJoinPool.java:1339)
	at akka.dispatch.forkjoin.ForkJoinPool.runWorker(ForkJoinPool.java:1979)
	at akka.dispatch.forkjoin.ForkJoinWorkerThread.run(ForkJoinWorkerThread.java:107)
